[2025-08-20T22:07:35+02:00] ::1 GET /controle-toner/
[2025-08-20T22:07:38+02:00] ::1 GET /controle-toner/
[2025-08-20T22:07:47+02:00] ::1 GET /controle-toner/
[2025-08-20T22:07:48+02:00] ::1 GET /controle-toner/estoque
[2025-08-20T22:07:49+02:00] ::1 GET /controle-toner/impressoras
[2025-08-20T22:07:50+02:00] ::1 GET /controle-toner/historico
[2025-08-20T22:07:51+02:00] ::1 GET /controle-toner/
[2025-08-20T22:11:14+02:00] ::1 GET /controle-toner/estoque
[2025-08-20T22:11:15+02:00] ::1 GET /controle-toner/impressoras
[2025-08-20T22:11:16+02:00] ::1 GET /controle-toner/historico
[2025-08-20T22:11:16+02:00] ::1 GET /controle-toner/estoque
[2025-08-20T22:11:17+02:00] ::1 GET /controle-toner/
[2025-08-20T22:11:28+02:00] ::1 GET /controle-toner/
[2025-08-20T22:12:18+02:00] ::1 GET /controle-toner/
[2025-08-20T22:14:44+02:00] ::1 GET /controle-toner/estoque
[2025-08-20T22:14:46+02:00] ::1 POST /controle-toner/estoque
[2025-08-20T22:14:51+02:00] ::1 GET /controle-toner/
[2025-08-20T22:14:54+02:00] ::1 GET /controle-toner/estoque
[2025-08-20T22:14:59+02:00] ::1 POST /controle-toner/estoque
[2025-08-20T22:15:01+02:00] ::1 GET /controle-toner/
[2025-08-20T22:15:03+02:00] ::1 GET /controle-toner/impressoras
[2025-08-20T22:15:05+02:00] ::1 GET /controle-toner/editar_impressora
[2025-08-20T22:20:27+02:00] ::1 GET /controle-toner/
[2025-08-20T22:20:28+02:00] ::1 GET /controle-toner/
[2025-08-20T22:20:30+02:00] ::1 GET /controle-toner/estoque
[2025-08-20T22:20:31+02:00] ::1 GET /controle-toner/estoque
[2025-08-20T22:20:34+02:00] ::1 GET /controle-toner/impressoras
[2025-08-20T22:20:37+02:00] ::1 GET /controle-toner/estoque
[2025-08-20T22:20:40+02:00] ::1 GET /controle-toner/estoque
[2025-08-20T22:20:43+02:00] ::1 GET /controle-toner/
[2025-08-20T22:48:32+02:00] ::1 GET /controle-toner/
